e:\year2\graphics 1\tinyraster\tinyraster\debug\vc140.pdb
e:\year2\graphics 1\tinyraster\tinyraster\debug\vc140.idb
e:\year2\graphics 1\tinyraster\tinyraster\debug\appwindow.obj
e:\year2\graphics 1\tinyraster\tinyraster\debug\assignmenttests.obj
e:\year2\graphics 1\tinyraster\tinyraster\debug\framebuffer.obj
e:\year2\graphics 1\tinyraster\tinyraster\debug\rasterizer.obj
e:\year2\graphics 1\tinyraster\tinyraster\debug\testapplication.obj
e:\year2\graphics 1\tinyraster\tinyraster\debug\tinyrastermain.obj
e:\year2\graphics 1\tinyraster\tinyraster\debug\vector2.obj
e:\year2\graphics 1\tinyraster\tinyraster\debug\vector3.obj
e:\year2\graphics 1\tinyraster\tinyraster\debug\vector4.obj
e:\year2\graphics 1\tinyraster\tinyraster\debug\tinyraster.res
e:\year2\graphics 1\tinyraster\debug\tinyraster.ilk
e:\year2\graphics 1\tinyraster\debug\tinyraster.exe
e:\year2\graphics 1\tinyraster\debug\tinyraster.pdb
e:\year2\graphics 1\tinyraster\tinyraster\debug\tinyraster.tlog\cl.read.1.tlog
e:\year2\graphics 1\tinyraster\tinyraster\debug\tinyraster.tlog\rc.read.1.tlog
e:\year2\graphics 1\tinyraster\tinyraster\debug\tinyraster.tlog\cl.write.1.tlog
e:\year2\graphics 1\tinyraster\tinyraster\debug\tinyraster.tlog\cl.command.1.tlog
e:\year2\graphics 1\tinyraster\tinyraster\debug\tinyraster.tlog\link.read.1.tlog
e:\year2\graphics 1\tinyraster\tinyraster\debug\tinyraster.tlog\rc.write.1.tlog
e:\year2\graphics 1\tinyraster\tinyraster\debug\tinyraster.tlog\rc.command.1.tlog
e:\year2\graphics 1\tinyraster\tinyraster\debug\tinyraster.tlog\link.command.1.tlog
e:\year2\graphics 1\tinyraster\tinyraster\debug\tinyraster.tlog\link.write.1.tlog
